<?xml version="1.0" encoding="UTF-8"?>
<testsuite xmlns:xsi="http://www.w3.org/2001/XMLSchema-instance" xsi:noNamespaceSchemaLocation="https://maven.apache.org/surefire/maven-surefire-plugin/xsd/surefire-test-report.xsd" version="3.0.2" name="com.irfan.demo.DemoApplicationTests" time="8.104" tests="3" errors="0" skipped="0" failures="0" flakes="0">
  <properties>
[...]
</properties>
  <testcase name="receivedEndpointReturnsMessages" classname="com.irfan.demo.DemoApplicationTests" time="7.857">
    <system-out><![CDATA[09:08:40.589 [main] INFO org.springframework.mock.web.MockServletContext -- Initializing Spring TestDispatcherServlet ''
09:08:40.599 [main] INFO org.springframework.test.web.servlet.TestDispatcherServlet -- Initializing Servlet ''
09:08:40.615 [main] INFO org.springframework.test.web.servlet.TestDispatcherServlet -- Completed initialization in 11 ms
]]></system-out>
  </testcase>
  <testcase name="healthEndpointReturnsRunningStatus" classname="com.irfan.demo.DemoApplicationTests" time="0.033">
    <system-out><![CDATA[09:08:41.303 [main] INFO org.springframework.mock.web.MockServletContext -- Initializing Spring TestDispatcherServlet ''
09:08:41.303 [main] INFO org.springframework.test.web.servlet.TestDispatcherServlet -- Initializing Servlet ''
09:08:41.304 [main] INFO org.springframework.test.web.servlet.TestDispatcherServlet -- Completed initialization in 1 ms
]]></system-out>
  </testcase>
  <testcase name="sendEndpointSendsMessage" classname="com.irfan.demo.DemoApplicationTests" time="0.1">
    <system-out><![CDATA[09:08:41.339 [main] INFO org.springframework.mock.web.MockServletContext -- Initializing Spring TestDispatcherServlet ''
09:08:41.339 [main] INFO org.springframework.test.web.servlet.TestDispatcherServlet -- Initializing Servlet ''
09:08:41.340 [main] INFO org.springframework.test.web.servlet.TestDispatcherServlet -- Completed initialization in 1 ms
09:08:41.397 [main] INFO com.irfan.demo.ProducerController -- Message endpoint called with: hello
]]></system-out>
  </testcase>
</testsuite>