<?xml version="1.0" encoding="UTF-8"?>
<testsuite xmlns:xsi="http://www.w3.org/2001/XMLSchema-instance" xsi:noNamespaceSchemaLocation="https://maven.apache.org/surefire/maven-surefire-plugin/xsd/surefire-test-report.xsd" version="3.0.2" name="com.irfan.order.OrderApplicationTests" time="15.954" tests="1" errors="0" skipped="0" failures="0">
  <properties>
[...]
</properties>
  <testcase name="contextLoads" classname="com.irfan.order.OrderApplicationTests" time="1.053">
    <system-out><![CDATA[10:23:23.183 [main] INFO org.springframework.test.context.support.AnnotationConfigContextLoaderUtils -- Could not detect default configuration classes for test class [com.irfan.order.OrderApplicationTests]: OrderApplicationTests does not declare any static, non-private, non-final, nested classes annotated with @Configuration.
10:23:23.391 [main] INFO org.springframework.boot.test.context.SpringBootTestContextBootstrapper -- Found @SpringBootConfiguration com.irfan.order.OrderApplication for test class com.irfan.order.OrderApplicationTests

  .   ____          _            __ _ _
 /\\ / ___'_ __ _ _(_)_ __  __ _ \ \ \ \
( ( )\___ | '_ | '_| | '_ \/ _` | \ \ \ \
 \\/  ___)| |_)| | | | | || (_| |  ) ) ) )
  '  |____| .__|_| |_|_| |_\__, | / / / /
 =========|_|==============|___/=/_/_/_/

 :: Spring Boot ::                (v4.0.3)

{"@timestamp":"2026-07-26T03:23:25.8296772Z","level":"INFO","thread_name":"main","logger_name":"com.irfan.order.OrderApplicationTests","service":"order","message":"Starting OrderApplicationTests using Java 17.0.12 with PID 19340 (started by Ifan Anhar in D:\\KULIAH D4 RPL\\SEMESTER 2\\MICROSEVICES\\Github\\order-main)","exception":""}
{"@timestamp":"2026-07-26T03:23:25.841139Z","level":"INFO","thread_name":"main","logger_name":"com.irfan.order.OrderApplicationTests","service":"order","message":"The following 1 profile is active: \"test\"","exception":""}
{"@timestamp":"2026-07-26T03:23:26.3131841Z","level":"INFO","thread_name":"background-preinit","logger_name":"org.hibernate.validator.internal.util.Version","service":"order","message":"HV000001: Hibernate Validator 9.0.1.Final","exception":""}
{"@timestamp":"2026-07-26T03:23:28.2545774Z","level":"INFO","thread_name":"main","logger_name":"org.springframework.data.repository.config.RepositoryConfigurationDelegate","service":"order","message":"Bootstrapping Spring Data JPA repositories in DEFAULT mode.","exception":""}
{"@timestamp":"2026-07-26T03:23:28.5089617Z","level":"INFO","thread_name":"main","logger_name":"org.springframework.data.repository.config.RepositoryConfigurationDelegate","service":"order","message":"Finished Spring Data repository scanning in 228 ms. Found 1 JPA repository interface.","exception":""}
{"@timestamp":"2026-07-26T03:23:29.1904078Z","level":"INFO","thread_name":"main","logger_name":"org.springframework.cloud.context.scope.GenericScope","service":"order","message":"BeanFactory id=f4ff34aa-58a7-354b-98ef-e38fed40ae20","exception":""}
{"@timestamp":"2026-07-26T03:23:29.9525944Z","level":"INFO","thread_name":"main","logger_name":"org.hibernate.orm.jpa","service":"order","message":"HHH008540: Processing PersistenceUnitInfo [name: default]","exception":""}
{"@timestamp":"2026-07-26T03:23:30.0783918Z","level":"INFO","thread_name":"main","logger_name":"org.hibernate.orm.core","service":"order","message":"HHH000001: Hibernate ORM core version 7.2.4.Final","exception":""}
{"@timestamp":"2026-07-26T03:23:31.1449514Z","level":"INFO","thread_name":"main","logger_name":"org.springframework.orm.jpa.persistenceunit.SpringPersistenceUnitInfo","service":"order","message":"No LoadTimeWeaver setup: ignoring JPA class transformer","exception":""}
{"@timestamp":"2026-07-26T03:23:31.2004942Z","level":"INFO","thread_name":"main","logger_name":"com.zaxxer.hikari.HikariDataSource","service":"order","message":"HikariPool-1 - Starting...","exception":""}
{"@timestamp":"2026-07-26T03:23:31.4927018Z","level":"INFO","thread_name":"main","logger_name":"com.zaxxer.hikari.pool.HikariPool","service":"order","message":"HikariPool-1 - Added connection conn0: url=jdbc:h2:mem:orderdb user=SA","exception":""}
{"@timestamp":"2026-07-26T03:23:31.494707Z","level":"INFO","thread_name":"main","logger_name":"com.zaxxer.hikari.HikariDataSource","service":"order","message":"HikariPool-1 - Start completed.","exception":""}
{"@timestamp":"2026-07-26T03:23:31.5587502Z","level":"INFO","thread_name":"main","logger_name":"org.hibernate.orm.connections.pooling","service":"order","message":"HHH10001005: Database info:\n\tDatabase JDBC URL [jdbc:h2:mem:orderdb]\n\tDatabase driver: H2 JDBC Driver\n\tDatabase dialect: H2Dialect\n\tDatabase version: 2.4.240\n\tDefault catalog/schema: ORDERDB/PUBLIC\n\tAutocommit mode: undefined/unknown\n\tIsolation level: READ_COMMITTED [default READ_COMMITTED]\n\tJDBC fetch size: 100\n\tPool: DataSourceConnectionProvider\n\tMinimum pool size: undefined/unknown\n\tMaximum pool size: undefined/unknown","exception":""}
{"@timestamp":"2026-07-26T03:23:32.6093128Z","level":"INFO","thread_name":"main","logger_name":"org.hibernate.orm.core","service":"order","message":"HHH000489: No JTA platform available (set 'hibernate.transaction.jta.platform' to enable JTA platform integration)","exception":""}
Hibernate: drop table if exists orders cascade 
Hibernate: create table orders (price float(53), quantity integer, id bigint generated by default as identity, product_id bigint, customer_name varchar(255), product_name varchar(255), primary key (id))
{"@timestamp":"2026-07-26T03:23:32.6563071Z","level":"INFO","thread_name":"main","logger_name":"org.springframework.orm.jpa.LocalContainerEntityManagerFactoryBean","service":"order","message":"Initialized JPA EntityManagerFactory for persistence unit 'default'","exception":""}
{"@timestamp":"2026-07-26T03:23:33.4823384Z","level":"INFO","thread_name":"main","logger_name":"org.springframework.data.jpa.repository.query.QueryEnhancerFactories","service":"order","message":"Hibernate is in classpath; If applicable, HQL parser will be used.","exception":""}
{"@timestamp":"2026-07-26T03:23:34.9867793Z","level":"INFO","thread_name":"main","logger_name":"org.springframework.security.config.annotation.authentication.configuration.InitializeUserDetailsBeanManagerConfigurer$InitializeUserDetailsManagerConfigurer","service":"order","message":"Global AuthenticationManager configured with UserDetailsService bean with name userDetailsService","exception":""}
{"@timestamp":"2026-07-26T03:23:36.1228755Z","level":"INFO","thread_name":"main","logger_name":"org.springframework.boot.actuate.endpoint.web.EndpointLinksResolver","service":"order","message":"Exposing 3 endpoints beneath base path '/actuator'","exception":""}
{"@timestamp":"2026-07-26T03:23:37.2362234Z","level":"INFO","thread_name":"main","logger_name":"org.springframework.cloud.netflix.eureka.config.DiscoveryClientOptionalArgsConfiguration","service":"order","message":"Eureka HTTP Client uses RestClient.","exception":""}
{"@timestamp":"2026-07-26T03:23:37.4630955Z","level":"INFO","thread_name":"main","logger_name":"com.irfan.order.OrderApplicationTests","service":"order","message":"Started OrderApplicationTests in 13.503 seconds (process running for 16.562)","exception":""}
]]></system-out>
    <system-err><![CDATA[10:23:24,983 |-WARN in ch.qos.logback.core.model.processor.conditional.IfModelHandler - The 'condition' attribute in <if> element is deprecated and slated for removal. Use <condition> element instead.
10:23:24,984 |-WARN in ch.qos.logback.core.model.processor.conditional.IfModelHandler - See also https://logback.qos.ch/codes.html#conditionAttributeDeprecation
]]></system-err>
  </testcase>
</testsuite>